[debug] [2025-03-30T02:27:00.560Z] ----------------------------------------------------------------------
[debug] [2025-03-30T02:27:00.566Z] Command:       C:\Program Files\nodejs\node.exe C:\Users\wilia\AppData\Roaming\npm\node_modules\firebase-tools\lib\bin\firebase.js login
[debug] [2025-03-30T02:27:00.566Z] CLI Version:   14.0.1
[debug] [2025-03-30T02:27:00.566Z] Platform:      win32
[debug] [2025-03-30T02:27:00.567Z] Node Version:  v22.14.0
[debug] [2025-03-30T02:27:00.567Z] Time:          Sat Mar 29 2025 23:27:00 GMT-0300 (Horário Padrão de Brasília)
[debug] [2025-03-30T02:27:00.567Z] ----------------------------------------------------------------------
[debug] 
[info] i  Firebase optionally collects CLI and Emulator Suite usage and error reporting information to help improve our products. Data is collected in accordance with Google's privacy policy (https://policies.google.com/privacy) and is not used to identify you.
 
[debug] [2025-03-30T02:34:21.169Z] ----------------------------------------------------------------------
[debug] [2025-03-30T02:34:21.173Z] Command:       C:\Program Files\nodejs\node.exe C:\Users\wilia\AppData\Roaming\npm\node_modules\firebase-tools\lib\bin\firebase.js init hosting
[debug] [2025-03-30T02:34:21.174Z] CLI Version:   14.0.1
[debug] [2025-03-30T02:34:21.174Z] Platform:      win32
[debug] [2025-03-30T02:34:21.174Z] Node Version:  v22.14.0
[debug] [2025-03-30T02:34:21.175Z] Time:          Sat Mar 29 2025 23:34:21 GMT-0300 (Horário Padrão de Brasília)
[debug] [2025-03-30T02:34:21.175Z] ----------------------------------------------------------------------
[debug] 
[debug] [2025-03-30T02:34:21.465Z] > command requires scopes: ["email","openid","https://www.googleapis.com/auth/cloudplatformprojects.readonly","https://www.googleapis.com/auth/firebase","https://www.googleapis.com/auth/cloud-platform"]
[debug] [2025-03-30T02:34:21.466Z] > authorizing via signed-in user (wilianvinicius406@gmail.com)
[info] 
     ######## #### ########  ######## ########     ###     ######  ########
     ##        ##  ##     ## ##       ##     ##  ##   ##  ##       ##
     ######    ##  ########  ######   ########  #########  ######  ######
     ##        ##  ##    ##  ##       ##     ## ##     ##       ## ##
     ##       #### ##     ## ######## ########  ##     ##  ######  ########

You're about to initialize a Firebase project in this directory:

  C:\Users\wilia\Downloads\Site obra\site-construcao-civil

Before we get started, keep in mind:

  * You are initializing within an existing Firebase project directory

[debug] [2025-03-30T02:36:14.788Z] ----------------------------------------------------------------------
[debug] [2025-03-30T02:36:14.794Z] Command:       C:\Program Files\nodejs\node.exe C:\Users\wilia\AppData\Roaming\npm\node_modules\firebase-tools\lib\bin\firebase.js init hosting
[debug] [2025-03-30T02:36:14.795Z] CLI Version:   14.0.1
[debug] [2025-03-30T02:36:14.795Z] Platform:      win32
[debug] [2025-03-30T02:36:14.795Z] Node Version:  v22.14.0
[debug] [2025-03-30T02:36:14.796Z] Time:          Sat Mar 29 2025 23:36:14 GMT-0300 (Horário Padrão de Brasília)
[debug] [2025-03-30T02:36:14.796Z] ----------------------------------------------------------------------
[debug] 
[debug] [2025-03-30T02:36:15.090Z] > command requires scopes: ["email","openid","https://www.googleapis.com/auth/cloudplatformprojects.readonly","https://www.googleapis.com/auth/firebase","https://www.googleapis.com/auth/cloud-platform"]
[debug] [2025-03-30T02:36:15.090Z] > authorizing via signed-in user (wilianvinicius406@gmail.com)
[info] 
     ######## #### ########  ######## ########     ###     ######  ########
     ##        ##  ##     ## ##       ##     ##  ##   ##  ##       ##
     ######    ##  ########  ######   ########  #########  ######  ######
     ##        ##  ##    ##  ##       ##     ## ##     ##       ## ##
     ##       #### ##     ## ######## ########  ##     ##  ######  ########

You're about to initialize a Firebase project in this directory:

  C:\Users\wilia\Downloads\Site obra\site-construcao-civil

Before we get started, keep in mind:

  * You are initializing within an existing Firebase project directory

[debug] [2025-03-30T02:37:30.044Z] ----------------------------------------------------------------------
[debug] [2025-03-30T02:37:30.050Z] Command:       C:\Program Files\nodejs\node.exe C:\Users\wilia\AppData\Roaming\npm\node_modules\firebase-tools\lib\bin\firebase.js init hosting
[debug] [2025-03-30T02:37:30.050Z] CLI Version:   14.0.1
[debug] [2025-03-30T02:37:30.051Z] Platform:      win32
[debug] [2025-03-30T02:37:30.051Z] Node Version:  v22.14.0
[debug] [2025-03-30T02:37:30.051Z] Time:          Sat Mar 29 2025 23:37:30 GMT-0300 (Horário Padrão de Brasília)
[debug] [2025-03-30T02:37:30.051Z] ----------------------------------------------------------------------
[debug] 
[debug] [2025-03-30T02:37:30.337Z] > command requires scopes: ["email","openid","https://www.googleapis.com/auth/cloudplatformprojects.readonly","https://www.googleapis.com/auth/firebase","https://www.googleapis.com/auth/cloud-platform"]
[debug] [2025-03-30T02:37:30.338Z] > authorizing via signed-in user (wilianvinicius406@gmail.com)
[info] 
     ######## #### ########  ######## ########     ###     ######  ########
     ##        ##  ##     ## ##       ##     ##  ##   ##  ##       ##
     ######    ##  ########  ######   ########  #########  ######  ######
     ##        ##  ##    ##  ##       ##     ## ##     ##       ## ##
     ##       #### ##     ## ######## ########  ##     ##  ######  ########

You're about to initialize a Firebase project in this directory:

  C:\Users\wilia\Downloads\Site obra\site-construcao-civil

Before we get started, keep in mind:

  * You are initializing within an existing Firebase project directory

[debug] [2025-03-30T02:38:01.815Z] ----------------------------------------------------------------------
[debug] [2025-03-30T02:38:01.821Z] Command:       C:\Program Files\nodejs\node.exe C:\Users\wilia\AppData\Roaming\npm\node_modules\firebase-tools\lib\bin\firebase.js init hosting
[debug] [2025-03-30T02:38:01.821Z] CLI Version:   14.0.1
[debug] [2025-03-30T02:38:01.822Z] Platform:      win32
[debug] [2025-03-30T02:38:01.822Z] Node Version:  v22.14.0
[debug] [2025-03-30T02:38:01.822Z] Time:          Sat Mar 29 2025 23:38:01 GMT-0300 (Horário Padrão de Brasília)
[debug] [2025-03-30T02:38:01.823Z] ----------------------------------------------------------------------
[debug] 
[debug] [2025-03-30T02:38:02.123Z] > command requires scopes: ["email","openid","https://www.googleapis.com/auth/cloudplatformprojects.readonly","https://www.googleapis.com/auth/firebase","https://www.googleapis.com/auth/cloud-platform"]
[debug] [2025-03-30T02:38:02.130Z] > authorizing via signed-in user (wilianvinicius406@gmail.com)
[info] 
     ######## #### ########  ######## ########     ###     ######  ########
     ##        ##  ##     ## ##       ##     ##  ##   ##  ##       ##
     ######    ##  ########  ######   ########  #########  ######  ######
     ##        ##  ##    ##  ##       ##     ## ##     ##       ## ##
     ##       #### ##     ## ######## ########  ##     ##  ######  ########

You're about to initialize a Firebase project in this directory:

  C:\Users\wilia\Downloads\Site obra\site-construcao-civil

Before we get started, keep in mind:

  * You are initializing within an existing Firebase project directory

[info] 
=== Project Setup
[info] 
[info] First, let's associate this project directory with a Firebase project.
[info] You can create multiple project aliases by running firebase use --add, 
[info] but for now we'll just set up a default project.
[info] 
[debug] [2025-03-30T02:38:10.773Z] Using project from CLI flag: site-construcao-civil
[debug] [2025-03-30T02:38:10.775Z] Checked if tokens are valid: true, expires at: 1743305550164
[debug] [2025-03-30T02:38:10.776Z] Checked if tokens are valid: true, expires at: 1743305550164
[debug] [2025-03-30T02:38:10.777Z] >>> [apiv2][query] GET https://firebase.googleapis.com/v1beta1/projects/site-construcao-civil [none]
[debug] [2025-03-30T02:38:11.275Z] <<< [apiv2][status] GET https://firebase.googleapis.com/v1beta1/projects/site-construcao-civil 403
[debug] [2025-03-30T02:38:11.275Z] <<< [apiv2][body] GET https://firebase.googleapis.com/v1beta1/projects/site-construcao-civil {"error":{"code":403,"message":"The caller does not have permission","status":"PERMISSION_DENIED"}}
[debug] [2025-03-30T02:38:11.276Z] Request to https://firebase.googleapis.com/v1beta1/projects/site-construcao-civil had HTTP Error: 403, The caller does not have permission
[debug] [2025-03-30T02:38:11.489Z] FirebaseError: Request to https://firebase.googleapis.com/v1beta1/projects/site-construcao-civil had HTTP Error: 403, The caller does not have permission
    at responseToError (C:\Users\wilia\AppData\Roaming\npm\node_modules\firebase-tools\lib\responseToError.js:52:12)
    at RetryOperation._fn (C:\Users\wilia\AppData\Roaming\npm\node_modules\firebase-tools\lib\apiv2.js:312:77)
    at process.processTicksAndRejections (node:internal/process/task_queues:105:5)
[error] 
[error] Error: Failed to get Firebase project site-construcao-civil. Please make sure the project exists and your account has permission to access it.
[debug] [2025-03-30T02:39:06.949Z] ----------------------------------------------------------------------
[debug] [2025-03-30T02:39:06.954Z] Command:       C:\Program Files\nodejs\node.exe C:\Users\wilia\AppData\Roaming\npm\node_modules\firebase-tools\lib\bin\firebase.js init hosting
[debug] [2025-03-30T02:39:06.954Z] CLI Version:   14.0.1
[debug] [2025-03-30T02:39:06.955Z] Platform:      win32
[debug] [2025-03-30T02:39:06.955Z] Node Version:  v22.14.0
[debug] [2025-03-30T02:39:06.955Z] Time:          Sat Mar 29 2025 23:39:06 GMT-0300 (Horário Padrão de Brasília)
[debug] [2025-03-30T02:39:06.956Z] ----------------------------------------------------------------------
[debug] 
[debug] [2025-03-30T02:39:07.243Z] > command requires scopes: ["email","openid","https://www.googleapis.com/auth/cloudplatformprojects.readonly","https://www.googleapis.com/auth/firebase","https://www.googleapis.com/auth/cloud-platform"]
[debug] [2025-03-30T02:39:07.244Z] > authorizing via signed-in user (wilianvinicius406@gmail.com)
[info] 
     ######## #### ########  ######## ########     ###     ######  ########
     ##        ##  ##     ## ##       ##     ##  ##   ##  ##       ##
     ######    ##  ########  ######   ########  #########  ######  ######
     ##        ##  ##    ##  ##       ##     ## ##     ##       ## ##
     ##       #### ##     ## ######## ########  ##     ##  ######  ########

You're about to initialize a Firebase project in this directory:

  C:\Users\wilia\Downloads\Site obra\site-construcao-civil

Before we get started, keep in mind:

  * You are initializing within an existing Firebase project directory

[info] 
=== Project Setup
[info] 
[info] First, let's associate this project directory with a Firebase project.
[info] You can create multiple project aliases by running firebase use --add, 
[info] but for now we'll just set up a default project.
[info] 
[debug] [2025-03-30T02:39:39.700Z] Using project from CLI flag: site-construcao-civil
[debug] [2025-03-30T02:39:39.701Z] Checked if tokens are valid: true, expires at: 1743305550164
[debug] [2025-03-30T02:39:39.701Z] Checked if tokens are valid: true, expires at: 1743305550164
[debug] [2025-03-30T02:39:39.703Z] >>> [apiv2][query] GET https://firebase.googleapis.com/v1beta1/projects/site-construcao-civil [none]
[debug] [2025-03-30T02:39:40.293Z] <<< [apiv2][status] GET https://firebase.googleapis.com/v1beta1/projects/site-construcao-civil 403
[debug] [2025-03-30T02:39:40.294Z] <<< [apiv2][body] GET https://firebase.googleapis.com/v1beta1/projects/site-construcao-civil {"error":{"code":403,"message":"The caller does not have permission","status":"PERMISSION_DENIED"}}
[debug] [2025-03-30T02:39:40.294Z] Request to https://firebase.googleapis.com/v1beta1/projects/site-construcao-civil had HTTP Error: 403, The caller does not have permission
[debug] [2025-03-30T02:39:40.505Z] FirebaseError: Request to https://firebase.googleapis.com/v1beta1/projects/site-construcao-civil had HTTP Error: 403, The caller does not have permission
    at responseToError (C:\Users\wilia\AppData\Roaming\npm\node_modules\firebase-tools\lib\responseToError.js:52:12)
    at RetryOperation._fn (C:\Users\wilia\AppData\Roaming\npm\node_modules\firebase-tools\lib\apiv2.js:312:77)
    at process.processTicksAndRejections (node:internal/process/task_queues:105:5)
[error] 
[error] Error: Failed to get Firebase project site-construcao-civil. Please make sure the project exists and your account has permission to access it.
